<?xml version="1.0" encoding="UTF-8"?>
<!-- Generated by org.testng.reporters.JUnitXMLReporter -->
<testsuite ignored="0" hostname="YashW" failures="0" tests="2" name="Error Validations Test" time="17.136" errors="0" timestamp="2024-08-25T09:31:23 EDT">
  <testcase classname="yashwardhan.SFD.tests.ErrorValidationTest" name="LoginErrorValidation" time="1.21"/>
  <testcase classname="yashwardhan.SFD.tests.ErrorValidationTest" name="ProductErrorValidation" time="2.772"/>
</testsuite> <!-- Error Validations Test -->
