<?xml version="1.0" encoding="UTF-8"?>
<!-- Generated by org.testng.reporters.JUnitXMLReporter -->
<testsuite ignored="0" hostname="YashW" failures="0" tests="4" name="Submit Order Test" time="38.294" errors="0" timestamp="2024-08-25T09:31:44 EDT">
  <testcase classname="yashwardhan.SFD.tests.SubmitOrderTest" name="SumbitAnOrder" time="3.866"/>
  <testcase classname="yashwardhan.SFD.tests.SubmitOrderTest" name="SumbitAnOrder" time="3.978"/>
  <testcase classname="yashwardhan.SFD.tests.SubmitOrderTest" name="OrderHistoryCheck" time="3.131"/>
  <testcase classname="yashwardhan.SFD.tests.SubmitOrderTest" name="OrderHistoryCheck" time="3.087"/>
</testsuite> <!-- Submit Order Test -->
