<?xml version="1.0" encoding="UTF-8"?>
<!-- Generated by org.testng.reporters.JUnitXMLReporter -->
<testsuite ignored="2" hostname="YashW" failures="0" tests="0" time="0.01" errors="0" timestamp="2024-08-21T01:31:20 EDT">
  <testcase classname="yashwardhan.SFD.tests.SubmitOrderTest" name="OrderHistoryCheck" time="0.0">
    <ignored/>
  </testcase> <!-- OrderHistoryCheck -->
  <testcase classname="yashwardhan.SFD.tests.SubmitOrderTest" name="SumbitAnOrder" time="0.0">
    <ignored/>
  </testcase> <!-- SumbitAnOrder -->
</testsuite>
