<?xml version="1.0" encoding="UTF-8"?>
<testng-results ignored="0" total="1" passed="1" failed="0" skipped="0">
  <reporter-output>
  </reporter-output>
  <suite started-at="2024-08-21T01:39:42 EDT" name="Surefire suite" finished-at="2024-08-21T01:39:52 EDT" duration-ms="10700">
    <groups>
      <group name="cucumber">
        <method signature="AbstractTestNGCucumberTests.runScenario(io.cucumber.testng.PickleWrapper,io.cucumber.testng.FeatureWrapper)[pri:0, instance:yashwardhan.SFD.cucumber.TestNGTestRunner@57c758ac]" name="runScenario" class="io.cucumber.testng.AbstractTestNGCucumberTests"/>
      </group> <!-- cucumber -->
    </groups>
    <test started-at="2024-08-21T01:39:42 EDT" name="Surefire test" finished-at="2024-08-21T01:39:52 EDT" duration-ms="10700">
      <class name="yashwardhan.SFD.cucumber.TestNGTestRunner">
        <test-method is-config="true" signature="setUpClass(org.testng.ITestContext)[pri:0, instance:yashwardhan.SFD.cucumber.TestNGTestRunner@57c758ac]" started-at="2024-08-21T01:39:42 EDT" name="setUpClass" finished-at="2024-08-21T01:39:42 EDT" duration-ms="413" status="PASS">
          <params>
            <param index="0">
              <value>
                <![CDATA[org.testng.TestRunner@3bae64d0]]>
              </value>
            </param>
          </params>
          <reporter-output>
          </reporter-output>
        </test-method> <!-- setUpClass -->
        <test-method signature="runScenario(io.cucumber.testng.PickleWrapper,io.cucumber.testng.FeatureWrapper)[pri:0, instance:yashwardhan.SFD.cucumber.TestNGTestRunner@57c758ac]" started-at="2024-08-21T01:39:42 EDT" name="runScenario" description="Runs Cucumber Scenarios" data-provider="scenarios" finished-at="2024-08-21T01:39:52 EDT" duration-ms="10223" status="PASS">
          <params>
            <param index="0">
              <value>
                <![CDATA["Positive Test of Sumbitting the order"]]>
              </value>
            </param>
            <param index="1">
              <value>
                <![CDATA["Purchase the order from Ecommerce Website"]]>
              </value>
            </param>
          </params>
          <reporter-output>
          </reporter-output>
        </test-method> <!-- runScenario -->
        <test-method is-config="true" signature="tearDownClass()[pri:0, instance:yashwardhan.SFD.cucumber.TestNGTestRunner@57c758ac]" started-at="2024-08-21T01:39:52 EDT" name="tearDownClass" finished-at="2024-08-21T01:39:52 EDT" duration-ms="20" status="PASS">
          <reporter-output>
          </reporter-output>
        </test-method> <!-- tearDownClass -->
      </class> <!-- yashwardhan.SFD.cucumber.TestNGTestRunner -->
    </test> <!-- Surefire test -->
  </suite> <!-- Surefire suite -->
</testng-results>
