<?xml version="1.0" encoding="UTF-8"?>
<testng-results ignored="0" total="6" passed="6" failed="0" skipped="0">
  <reporter-output>
  </reporter-output>
  <suite started-at="2024-08-25T09:31:05 EDT" name="Suite" finished-at="2024-08-25T09:31:44 EDT" duration-ms="38294">
    <groups>
      <group name="ErrorHandling">
        <method signature="ErrorValidationTest.LoginErrorValidation()[pri:0, instance:yashwardhan.SFD.tests.ErrorValidationTest@2a7ed1f]" name="LoginErrorValidation" class="yashwardhan.SFD.tests.ErrorValidationTest"/>
      </group> <!-- ErrorHandling -->
      <group name="Purchase">
        <method signature="SubmitOrderTest.SumbitAnOrder(java.util.HashMap)[pri:0, instance:yashwardhan.SFD.tests.SubmitOrderTest@4b8729ff]" name="SumbitAnOrder" class="yashwardhan.SFD.tests.SubmitOrderTest"/>
        <method signature="SubmitOrderTest.OrderHistoryCheck(java.util.HashMap)[pri:0, instance:yashwardhan.SFD.tests.SubmitOrderTest@4b8729ff]" name="OrderHistoryCheck" class="yashwardhan.SFD.tests.SubmitOrderTest"/>
      </group> <!-- Purchase -->
    </groups>
    <test started-at="2024-08-25T09:31:05 EDT" name="Error Validations Test" finished-at="2024-08-25T09:31:23 EDT" duration-ms="17136">
      <class name="yashwardhan.SFD.tests.ErrorValidationTest">
        <test-method is-config="true" signature="launchApp()[pri:0, instance:yashwardhan.SFD.tests.ErrorValidationTest@2a7ed1f]" started-at="2024-08-25T09:31:06 EDT" name="launchApp" finished-at="2024-08-25T09:31:12 EDT" duration-ms="6907" status="PASS">
          <reporter-output>
          </reporter-output>
        </test-method> <!-- launchApp -->
        <test-method signature="LoginErrorValidation()[pri:0, instance:yashwardhan.SFD.tests.ErrorValidationTest@2a7ed1f]" started-at="2024-08-25T09:31:12 EDT" name="LoginErrorValidation" finished-at="2024-08-25T09:31:14 EDT" duration-ms="1210" status="PASS">
          <reporter-output>
          </reporter-output>
        </test-method> <!-- LoginErrorValidation -->
        <test-method is-config="true" signature="tearDown()[pri:0, instance:yashwardhan.SFD.tests.ErrorValidationTest@2a7ed1f]" started-at="2024-08-25T09:31:14 EDT" name="tearDown" finished-at="2024-08-25T09:31:14 EDT" duration-ms="212" status="PASS">
          <reporter-output>
          </reporter-output>
        </test-method> <!-- tearDown -->
        <test-method is-config="true" signature="launchApp()[pri:0, instance:yashwardhan.SFD.tests.ErrorValidationTest@2a7ed1f]" started-at="2024-08-25T09:31:14 EDT" name="launchApp" finished-at="2024-08-25T09:31:20 EDT" duration-ms="5818" status="PASS">
          <reporter-output>
          </reporter-output>
        </test-method> <!-- launchApp -->
        <test-method signature="ProductErrorValidation()[pri:0, instance:yashwardhan.SFD.tests.ErrorValidationTest@2a7ed1f]" started-at="2024-08-25T09:31:20 EDT" name="ProductErrorValidation" finished-at="2024-08-25T09:31:22 EDT" duration-ms="2772" status="PASS">
          <reporter-output>
          </reporter-output>
        </test-method> <!-- ProductErrorValidation -->
        <test-method is-config="true" signature="tearDown()[pri:0, instance:yashwardhan.SFD.tests.ErrorValidationTest@2a7ed1f]" started-at="2024-08-25T09:31:22 EDT" name="tearDown" finished-at="2024-08-25T09:31:23 EDT" duration-ms="117" status="PASS">
          <reporter-output>
          </reporter-output>
        </test-method> <!-- tearDown -->
      </class> <!-- yashwardhan.SFD.tests.ErrorValidationTest -->
    </test> <!-- Error Validations Test -->
    <test started-at="2024-08-25T09:31:05 EDT" name="Submit Order Test" finished-at="2024-08-25T09:31:44 EDT" duration-ms="38294">
      <class name="yashwardhan.SFD.tests.SubmitOrderTest">
        <test-method is-config="true" signature="launchApp()[pri:0, instance:yashwardhan.SFD.tests.SubmitOrderTest@4b8729ff]" started-at="2024-08-25T09:31:06 EDT" name="launchApp" finished-at="2024-08-25T09:31:11 EDT" duration-ms="5425" status="PASS">
          <reporter-output>
          </reporter-output>
        </test-method> <!-- launchApp -->
        <test-method signature="SumbitAnOrder(java.util.HashMap)[pri:0, instance:yashwardhan.SFD.tests.SubmitOrderTest@4b8729ff]" started-at="2024-08-25T09:31:11 EDT" name="SumbitAnOrder" data-provider="getData" finished-at="2024-08-25T09:31:15 EDT" duration-ms="3866" status="PASS">
          <params>
            <param index="0">
              <value>
                <![CDATA[{prodName=ZARA COAT 3, password=SurajSharma67, email=surajsharma67@gmail.com}]]>
              </value>
            </param>
          </params>
          <reporter-output>
          </reporter-output>
        </test-method> <!-- SumbitAnOrder -->
        <test-method is-config="true" signature="tearDown()[pri:0, instance:yashwardhan.SFD.tests.SubmitOrderTest@4b8729ff]" started-at="2024-08-25T09:31:15 EDT" name="tearDown" finished-at="2024-08-25T09:31:15 EDT" duration-ms="144" status="PASS">
          <reporter-output>
          </reporter-output>
        </test-method> <!-- tearDown -->
        <test-method is-config="true" signature="launchApp()[pri:0, instance:yashwardhan.SFD.tests.SubmitOrderTest@4b8729ff]" started-at="2024-08-25T09:31:15 EDT" name="launchApp" finished-at="2024-08-25T09:31:21 EDT" duration-ms="5763" status="PASS">
          <reporter-output>
          </reporter-output>
        </test-method> <!-- launchApp -->
        <test-method signature="SumbitAnOrder(java.util.HashMap)[pri:0, instance:yashwardhan.SFD.tests.SubmitOrderTest@4b8729ff]" started-at="2024-08-25T09:31:21 EDT" name="SumbitAnOrder" data-provider="getData" finished-at="2024-08-25T09:31:25 EDT" duration-ms="3978" status="PASS">
          <params>
            <param index="0">
              <value>
                <![CDATA[{prodName=ADIDAS ORIGINAL, password=SurajSharma68, email=surajsharma68@gmail.com}]]>
              </value>
            </param>
          </params>
          <reporter-output>
          </reporter-output>
        </test-method> <!-- SumbitAnOrder -->
        <test-method is-config="true" signature="tearDown()[pri:0, instance:yashwardhan.SFD.tests.SubmitOrderTest@4b8729ff]" started-at="2024-08-25T09:31:25 EDT" name="tearDown" finished-at="2024-08-25T09:31:25 EDT" duration-ms="171" status="PASS">
          <reporter-output>
          </reporter-output>
        </test-method> <!-- tearDown -->
        <test-method is-config="true" signature="launchApp()[pri:0, instance:yashwardhan.SFD.tests.SubmitOrderTest@4b8729ff]" started-at="2024-08-25T09:31:25 EDT" name="launchApp" finished-at="2024-08-25T09:31:31 EDT" duration-ms="5979" status="PASS">
          <reporter-output>
          </reporter-output>
        </test-method> <!-- launchApp -->
        <test-method signature="OrderHistoryCheck(java.util.HashMap)[pri:0, instance:yashwardhan.SFD.tests.SubmitOrderTest@4b8729ff]" started-at="2024-08-25T09:31:31 EDT" name="OrderHistoryCheck" data-provider="getData" finished-at="2024-08-25T09:31:34 EDT" depends-on-methods="yashwardhan.SFD.tests.SubmitOrderTest.SumbitAnOrder" duration-ms="3131" status="PASS">
          <params>
            <param index="0">
              <value>
                <![CDATA[{prodName=ZARA COAT 3, password=SurajSharma67, email=surajsharma67@gmail.com}]]>
              </value>
            </param>
          </params>
          <reporter-output>
          </reporter-output>
        </test-method> <!-- OrderHistoryCheck -->
        <test-method is-config="true" signature="tearDown()[pri:0, instance:yashwardhan.SFD.tests.SubmitOrderTest@4b8729ff]" started-at="2024-08-25T09:31:34 EDT" name="tearDown" finished-at="2024-08-25T09:31:35 EDT" duration-ms="181" status="PASS">
          <reporter-output>
          </reporter-output>
        </test-method> <!-- tearDown -->
        <test-method is-config="true" signature="launchApp()[pri:0, instance:yashwardhan.SFD.tests.SubmitOrderTest@4b8729ff]" started-at="2024-08-25T09:31:35 EDT" name="launchApp" finished-at="2024-08-25T09:31:41 EDT" duration-ms="6025" status="PASS">
          <reporter-output>
          </reporter-output>
        </test-method> <!-- launchApp -->
        <test-method signature="OrderHistoryCheck(java.util.HashMap)[pri:0, instance:yashwardhan.SFD.tests.SubmitOrderTest@4b8729ff]" started-at="2024-08-25T09:31:41 EDT" name="OrderHistoryCheck" data-provider="getData" finished-at="2024-08-25T09:31:44 EDT" depends-on-methods="yashwardhan.SFD.tests.SubmitOrderTest.SumbitAnOrder" duration-ms="3087" status="PASS">
          <params>
            <param index="0">
              <value>
                <![CDATA[{prodName=ADIDAS ORIGINAL, password=SurajSharma68, email=surajsharma68@gmail.com}]]>
              </value>
            </param>
          </params>
          <reporter-output>
          </reporter-output>
        </test-method> <!-- OrderHistoryCheck -->
        <test-method is-config="true" signature="tearDown()[pri:0, instance:yashwardhan.SFD.tests.SubmitOrderTest@4b8729ff]" started-at="2024-08-25T09:31:44 EDT" name="tearDown" finished-at="2024-08-25T09:31:44 EDT" duration-ms="104" status="PASS">
          <reporter-output>
          </reporter-output>
        </test-method> <!-- tearDown -->
      </class> <!-- yashwardhan.SFD.tests.SubmitOrderTest -->
    </test> <!-- Submit Order Test -->
  </suite> <!-- Suite -->
</testng-results>
